TN:
SF:src\app.js
FN:7,App
FN:13,middleware
FN:18,routes
FNF:3
FNH:3
FNDA:3,App
FNDA:3,middleware
FNDA:3,routes
DA:1,1
DA:2,1
DA:3,1
DA:4,1
DA:5,1
DA:6,1
DA:7,1
DA:8,3
DA:9,3
DA:10,3
DA:11,3
DA:12,1
DA:13,1
DA:14,3
DA:15,3
DA:16,3
DA:17,1
DA:18,1
DA:19,3
DA:20,3
DA:21,1
DA:22,1
DA:23,1
LF:23
LH:23
BRDA:7,0,0,3
BRDA:13,1,0,3
BRDA:18,2,0,3
BRF:3
BRH:3
end_of_record
TN:
SF:src\app\controller\CarController.js
FN:5,create
FN:14,find
FN:24,delete
FN:34,put
FN:45,findId
FN:55,patchAcessorio
FNF:6
FNH:6
FNDA:1,create
FNDA:1,find
FNDA:2,delete
FNDA:2,put
FNDA:2,findId
FNDA:2,patchAcessorio
DA:1,1
DA:2,1
DA:3,1
DA:4,1
DA:5,1
DA:6,1
DA:7,1
DA:8,1
DA:9,1
DA:10,0
DA:11,0
DA:12,1
DA:13,1
DA:14,1
DA:15,1
DA:16,1
DA:17,1
DA:18,1
DA:19,1
DA:20,0
DA:21,0
DA:22,1
DA:23,1
DA:24,1
DA:25,2
DA:26,2
DA:27,2
DA:28,1
DA:29,1
DA:30,1
DA:31,1
DA:32,2
DA:33,1
DA:34,1
DA:35,2
DA:36,2
DA:37,2
DA:38,2
DA:39,1
DA:40,1
DA:41,1
DA:42,1
DA:43,2
DA:44,1
DA:45,1
DA:46,2
DA:47,2
DA:48,2
DA:49,1
DA:50,1
DA:51,1
DA:52,1
DA:53,2
DA:54,1
DA:55,1
DA:56,2
DA:57,2
DA:58,2
DA:59,1
DA:60,1
DA:61,1
DA:62,1
DA:63,2
DA:64,1
DA:65,1
DA:66,1
LF:66
LH:62
BRDA:5,0,0,1
BRDA:9,1,0,0
BRDA:14,2,0,1
BRDA:19,3,0,0
BRDA:24,4,0,2
BRDA:27,5,0,1
BRDA:34,6,0,2
BRDA:38,7,0,1
BRDA:45,8,0,2
BRDA:48,9,0,1
BRDA:55,10,0,2
BRDA:58,11,0,1
BRF:12
BRH:10
end_of_record
TN:
SF:src\app\controller\PeapleController.js
FN:5,create
FN:14,find
FN:24,put
FN:35,delete
FN:45,findId
FN:55,login
FNF:6
FNH:6
FNDA:4,create
FNDA:1,find
FNDA:2,put
FNDA:2,delete
FNDA:2,findId
FNDA:2,login
DA:1,1
DA:2,1
DA:3,1
DA:4,1
DA:5,1
DA:6,4
DA:7,4
DA:8,1
DA:9,4
DA:10,3
DA:11,3
DA:12,4
DA:13,1
DA:14,1
DA:15,1
DA:16,1
DA:17,1
DA:18,1
DA:19,1
DA:20,0
DA:21,0
DA:22,1
DA:23,1
DA:24,1
DA:25,2
DA:26,2
DA:27,2
DA:28,2
DA:29,1
DA:30,1
DA:31,1
DA:32,1
DA:33,2
DA:34,1
DA:35,1
DA:36,2
DA:37,2
DA:38,2
DA:39,1
DA:40,1
DA:41,1
DA:42,1
DA:43,2
DA:44,1
DA:45,1
DA:46,2
DA:47,2
DA:48,2
DA:49,1
DA:50,1
DA:51,1
DA:52,1
DA:53,2
DA:54,1
DA:55,1
DA:56,2
DA:57,2
DA:58,1
DA:59,1
DA:60,1
DA:61,1
DA:62,2
DA:63,1
DA:64,1
DA:65,1
LF:65
LH:63
BRDA:5,0,0,4
BRDA:7,1,0,1
BRDA:9,2,0,3
BRDA:14,3,0,1
BRDA:19,4,0,0
BRDA:24,5,0,2
BRDA:28,6,0,1
BRDA:35,7,0,2
BRDA:38,8,0,1
BRDA:45,9,0,2
BRDA:48,10,0,1
BRDA:55,11,0,2
BRDA:57,12,0,1
BRF:13
BRH:12
end_of_record
TN:
SF:src\app\controller\RentalController.js
FN:5,create
FN:14,find
FN:24,findId
FN:34,put
FN:44,delete
FNF:5
FNH:5
FNDA:2,create
FNDA:1,find
FNDA:2,findId
FNDA:2,put
FNDA:2,delete
DA:1,1
DA:2,1
DA:3,1
DA:4,1
DA:5,1
DA:6,2
DA:7,2
DA:8,1
DA:9,1
DA:10,1
DA:11,1
DA:12,2
DA:13,1
DA:14,1
DA:15,1
DA:16,1
DA:17,1
DA:18,1
DA:19,1
DA:20,0
DA:21,0
DA:22,1
DA:23,1
DA:24,1
DA:25,2
DA:26,2
DA:27,2
DA:28,1
DA:29,1
DA:30,1
DA:31,1
DA:32,2
DA:33,1
DA:34,1
DA:35,2
DA:36,2
DA:37,2
DA:38,1
DA:39,1
DA:40,1
DA:41,1
DA:42,2
DA:43,1
DA:44,1
DA:45,2
DA:46,2
DA:47,2
DA:48,1
DA:49,1
DA:50,1
DA:51,1
DA:52,2
DA:53,1
DA:54,1
DA:55,1
LF:55
LH:53
BRDA:5,0,0,2
BRDA:7,1,0,1
BRDA:14,2,0,1
BRDA:19,3,0,0
BRDA:24,4,0,2
BRDA:27,5,0,1
BRDA:34,6,0,2
BRDA:37,7,0,1
BRDA:44,8,0,2
BRDA:47,9,0,1
BRF:10
BRH:9
end_of_record
TN:
SF:src\app\error\AlreadyExists.js
FN:2,AlreadyExists
FNF:1
FNH:1
FNDA:2,AlreadyExists
DA:1,1
DA:2,1
DA:3,2
DA:4,2
DA:5,2
DA:6,2
DA:7,1
DA:8,1
DA:9,1
LF:9
LH:9
BRDA:2,0,0,2
BRF:1
BRH:1
end_of_record
TN:
SF:src\app\error\ErrorStatus.js
FN:8,Object.<anonymous>.module.exports
FNF:1
FNH:1
FNDA:15,Object.<anonymous>.module.exports
DA:1,1
DA:2,1
DA:3,1
DA:4,1
DA:5,1
DA:6,1
DA:7,1
DA:8,1
DA:9,15
DA:10,15
DA:11,10
DA:12,10
DA:13,15
DA:14,1
DA:15,1
DA:16,15
DA:17,2
DA:18,2
DA:19,15
DA:20,1
DA:21,1
DA:22,15
DA:23,1
DA:24,1
DA:25,15
DA:26,0
DA:27,0
DA:28,15
DA:29,15
DA:30,15
LF:30
LH:28
BRDA:8,0,0,15
BRDA:10,1,0,10
BRDA:13,2,0,1
BRDA:16,3,0,2
BRDA:19,4,0,1
BRDA:22,5,0,1
BRDA:25,6,0,0
BRF:7
BRH:6
end_of_record
TN:
SF:src\app\error\InvalidBody.js
FN:2,InvalidBody
FNF:1
FNH:1
FNDA:1,InvalidBody
DA:1,1
DA:2,1
DA:3,1
DA:4,1
DA:5,1
DA:6,1
DA:7,1
DA:8,1
DA:9,1
LF:9
LH:9
BRDA:2,0,0,1
BRF:1
BRH:1
end_of_record
TN:
SF:src\app\error\IsFilialDuplicate.js
FN:2,isFilialDuplicate
FNF:1
FNH:1
FNDA:1,isFilialDuplicate
DA:1,1
DA:2,1
DA:3,1
DA:4,1
DA:5,1
DA:6,1
DA:7,1
DA:8,1
DA:9,1
LF:9
LH:9
BRDA:2,0,0,1
BRF:1
BRH:1
end_of_record
TN:
SF:src\app\error\LoginError.js
FN:2,LoginError
FNF:1
FNH:1
FNDA:1,LoginError
DA:1,1
DA:2,1
DA:3,1
DA:4,1
DA:5,1
DA:6,1
DA:7,1
DA:8,1
DA:9,1
LF:9
LH:9
BRDA:2,0,0,1
BRF:1
BRH:1
end_of_record
TN:
SF:src\app\error\NotEnabled.js
FN:2,NotEnabled
FNF:1
FNH:0
FNDA:0,NotEnabled
DA:1,1
DA:2,1
DA:3,0
DA:4,0
DA:5,0
DA:6,0
DA:7,1
DA:8,1
DA:9,1
LF:9
LH:5
BRF:0
BRH:0
end_of_record
TN:
SF:src\app\error\NotFound.js
FN:2,NotFound
FNF:1
FNH:1
FNDA:10,NotFound
DA:1,1
DA:2,1
DA:3,10
DA:4,10
DA:5,10
DA:6,10
DA:7,1
DA:8,1
DA:9,1
LF:9
LH:9
BRDA:2,0,0,10
BRF:1
BRH:1
end_of_record
TN:
SF:src\app\middlewares\tokenBarer.js
FN:4,Object.<anonymous>.module.exports
FNF:1
FNH:1
FNDA:21,Object.<anonymous>.module.exports
DA:1,1
DA:2,1
DA:3,1
DA:4,1
DA:5,21
DA:6,21
DA:7,21
DA:8,21
DA:9,21
DA:10,21
DA:11,1
DA:12,1
DA:13,21
LF:13
LH:13
BRDA:4,0,0,21
BRDA:10,1,0,1
BRF:2
BRH:2
end_of_record
TN:
SF:src\app\repository\CarRepository.js
FN:4,create
FN:8,find
FN:31,findId
FN:35,delete
FN:39,put
FN:43,putAcessorios
FNF:6
FNH:6
FNDA:2,create
FNDA:1,find
FNDA:4,findId
FNDA:2,delete
FNDA:2,put
FNDA:2,putAcessorios
DA:1,1
DA:2,1
DA:3,1
DA:4,1
DA:5,2
DA:6,2
DA:7,1
DA:8,1
DA:9,1
DA:10,1
DA:11,1
DA:12,1
DA:13,1
DA:14,1
DA:15,1
DA:16,1
DA:17,1
DA:18,1
DA:19,1
DA:20,1
DA:21,1
DA:22,1
DA:23,1
DA:24,1
DA:25,1
DA:26,1
DA:27,1
DA:28,1
DA:29,1
DA:30,1
DA:31,1
DA:32,4
DA:33,4
DA:34,1
DA:35,1
DA:36,2
DA:37,2
DA:38,1
DA:39,1
DA:40,2
DA:41,2
DA:42,1
DA:43,1
DA:44,2
DA:45,2
DA:46,2
DA:47,2
DA:48,2
DA:49,1
DA:50,1
DA:51,1
LF:51
LH:51
BRDA:4,0,0,2
BRDA:8,1,0,1
BRDA:31,2,0,4
BRDA:35,3,0,2
BRDA:39,4,0,2
BRDA:43,5,0,2
BRF:6
BRH:6
end_of_record
TN:
SF:src\app\repository\PeapleRepository.js
FN:4,create
FN:8,find
FN:31,put
FN:35,delete
FN:39,findId
FN:43,authenticate
FN:47,verifyCpf
FNF:7
FNH:7
FNDA:2,create
FNDA:1,find
FNDA:2,put
FNDA:3,delete
FNDA:2,findId
FNDA:10,authenticate
FNDA:7,verifyCpf
DA:1,1
DA:2,1
DA:3,1
DA:4,1
DA:5,2
DA:6,2
DA:7,1
DA:8,1
DA:9,1
DA:10,1
DA:11,1
DA:12,1
DA:13,1
DA:14,1
DA:15,1
DA:16,1
DA:17,1
DA:18,1
DA:19,1
DA:20,1
DA:21,1
DA:22,1
DA:23,1
DA:24,1
DA:25,1
DA:26,1
DA:27,1
DA:28,1
DA:29,1
DA:30,1
DA:31,1
DA:32,2
DA:33,2
DA:34,1
DA:35,1
DA:36,3
DA:37,3
DA:38,1
DA:39,1
DA:40,2
DA:41,2
DA:42,1
DA:43,1
DA:44,10
DA:45,10
DA:46,1
DA:47,1
DA:48,7
DA:49,7
DA:50,1
DA:51,1
DA:52,1
LF:52
LH:52
BRDA:4,0,0,2
BRDA:8,1,0,1
BRDA:31,2,0,2
BRDA:35,3,0,3
BRDA:39,4,0,2
BRDA:43,5,0,10
BRDA:47,6,0,7
BRF:7
BRH:7
end_of_record
TN:
SF:src\app\repository\RentalRepository.js
FN:4,create
FN:8,findCnpj
FN:12,find
FN:35,findId
FN:39,put
FN:43,delete
FNF:6
FNH:6
FNDA:2,create
FNDA:4,findCnpj
FNDA:1,find
FNDA:3,findId
FNDA:1,put
FNDA:3,delete
DA:1,1
DA:2,1
DA:3,1
DA:4,1
DA:5,2
DA:6,2
DA:7,1
DA:8,1
DA:9,4
DA:10,4
DA:11,1
DA:12,1
DA:13,1
DA:14,1
DA:15,1
DA:16,1
DA:17,1
DA:18,1
DA:19,1
DA:20,1
DA:21,1
DA:22,1
DA:23,1
DA:24,1
DA:25,1
DA:26,1
DA:27,1
DA:28,1
DA:29,1
DA:30,1
DA:31,1
DA:32,1
DA:33,1
DA:34,1
DA:35,1
DA:36,3
DA:37,3
DA:38,1
DA:39,1
DA:40,1
DA:41,1
DA:42,1
DA:43,1
DA:44,3
DA:45,3
DA:46,1
DA:47,1
DA:48,1
LF:48
LH:48
BRDA:4,0,0,2
BRDA:8,1,0,4
BRDA:12,2,0,1
BRDA:35,3,0,3
BRDA:39,4,0,1
BRDA:43,5,0,3
BRF:6
BRH:6
end_of_record
TN:
SF:src\app\schema\CarSchema.js
FNF:0
FNH:0
DA:1,1
DA:2,1
DA:3,1
DA:4,1
DA:5,1
DA:6,1
DA:7,1
DA:8,1
DA:9,1
DA:10,1
DA:11,1
DA:12,1
DA:13,1
DA:14,1
DA:15,1
DA:16,1
DA:17,1
DA:18,1
DA:19,1
DA:20,1
DA:21,1
DA:22,1
DA:23,1
DA:24,1
DA:25,1
DA:26,1
DA:27,1
DA:28,1
DA:29,1
DA:30,1
DA:31,1
DA:32,1
DA:33,1
DA:34,1
LF:34
LH:34
BRF:0
BRH:0
end_of_record
TN:
SF:src\app\schema\PeapleSchema.js
FNF:0
FNH:0
DA:1,1
DA:2,1
DA:3,1
DA:4,1
DA:5,1
DA:6,1
DA:7,1
DA:8,1
DA:9,1
DA:10,1
DA:11,1
DA:12,1
DA:13,1
DA:14,1
DA:15,1
DA:16,1
DA:17,1
DA:18,1
DA:19,1
DA:20,1
DA:21,1
DA:22,1
DA:23,1
DA:24,1
DA:25,1
DA:26,1
DA:27,1
DA:28,1
DA:29,1
DA:30,1
DA:31,1
DA:32,1
DA:33,1
DA:34,1
DA:35,1
DA:36,1
DA:37,1
DA:38,1
DA:39,1
DA:40,1
LF:40
LH:40
BRF:0
BRH:0
end_of_record
TN:
SF:src\app\schema\RentalSchema.js
FNF:0
FNH:0
DA:1,1
DA:2,1
DA:3,1
DA:4,1
DA:5,1
DA:6,1
DA:7,1
DA:8,1
DA:9,1
DA:10,1
DA:11,1
DA:12,1
DA:13,1
DA:14,1
DA:15,1
DA:16,1
DA:17,1
DA:18,1
DA:19,1
DA:20,1
DA:21,1
DA:22,1
DA:23,1
DA:24,1
DA:25,1
DA:26,1
DA:27,1
DA:28,1
DA:29,1
DA:30,1
DA:31,1
DA:32,1
DA:33,1
DA:34,1
DA:35,1
DA:36,1
DA:37,1
DA:38,1
DA:39,1
DA:40,1
DA:41,1
DA:42,1
DA:43,1
DA:44,1
DA:45,1
DA:46,1
DA:47,1
DA:48,1
DA:49,1
DA:50,1
DA:51,1
DA:52,1
DA:53,1
DA:54,1
DA:55,1
DA:56,1
DA:57,1
DA:58,1
LF:58
LH:58
BRF:0
BRH:0
end_of_record
TN:
SF:src\app\service\CarService.js
FN:6,create
FN:11,find
FN:31,delete
FN:36,put
FN:48,SearchingAcessorio
FN:59,findId
FN:68,patchAcessorio
FNF:7
FNH:7
FNDA:2,create
FNDA:1,find
FNDA:2,delete
FNDA:2,put
FNDA:2,SearchingAcessorio
FNDA:4,findId
FNDA:2,patchAcessorio
DA:1,1
DA:2,1
DA:3,1
DA:4,1
DA:5,1
DA:6,1
DA:7,2
DA:8,2
DA:9,2
DA:10,1
DA:11,1
DA:12,1
DA:13,1
DA:14,0
DA:15,0
DA:16,0
DA:17,0
DA:18,1
DA:19,1
DA:20,1
DA:21,1
DA:22,1
DA:23,1
DA:24,1
DA:25,1
DA:26,1
DA:27,1
DA:28,1
DA:29,1
DA:30,1
DA:31,1
DA:32,2
DA:33,2
DA:34,2
DA:35,1
DA:36,1
DA:37,2
DA:38,2
DA:39,2
DA:40,2
DA:41,2
DA:42,2
DA:43,2
DA:44,2
DA:45,2
DA:46,2
DA:47,1
DA:48,1
DA:49,2
DA:50,2
DA:51,2
DA:52,2
DA:53,4
DA:54,0
DA:55,0
DA:56,4
DA:57,2
DA:58,1
DA:59,1
DA:60,4
DA:61,4
DA:62,1
DA:63,4
DA:64,3
DA:65,3
DA:66,4
DA:67,1
DA:68,1
DA:69,2
DA:70,2
DA:71,2
DA:72,2
DA:73,2
DA:74,1
DA:75,1
DA:76,1
LF:76
LH:70
BRDA:6,0,0,2
BRDA:11,1,0,1
BRDA:13,2,0,0
BRDA:31,3,0,2
BRDA:33,4,0,1
BRDA:36,5,0,2
BRDA:45,6,0,1
BRDA:48,7,0,2
BRDA:52,8,0,4
BRDA:53,9,0,0
BRDA:59,10,0,4
BRDA:61,11,0,1
BRDA:63,12,0,3
BRDA:68,13,0,2
BRDA:72,14,0,1
BRF:15
BRH:13
end_of_record
TN:
SF:src\app\service\PeapleService.js
FN:12,create
FN:19,find
FN:37,put
FN:45,delete
FN:50,findId
FN:59,login
FN:73,verifyEmailSenha
FN:85,validateData
FNF:8
FNH:8
FNDA:5,create
FNDA:1,find
FNDA:2,put
FNDA:3,delete
FNDA:2,findId
FNDA:3,login
FNDA:7,verifyEmailSenha
FNDA:5,validateData
DA:1,1
DA:2,1
DA:3,1
DA:4,1
DA:5,1
DA:6,1
DA:7,1
DA:8,1
DA:9,1
DA:10,1
DA:11,1
DA:12,1
DA:13,5
DA:14,3
DA:15,5
DA:16,2
DA:17,2
DA:18,1
DA:19,1
DA:20,1
DA:21,1
DA:22,0
DA:23,0
DA:24,0
DA:25,0
DA:26,1
DA:27,1
DA:28,1
DA:29,1
DA:30,1
DA:31,1
DA:32,1
DA:33,1
DA:34,1
DA:35,1
DA:36,1
DA:37,1
DA:38,2
DA:39,2
DA:40,2
DA:41,2
DA:42,2
DA:43,2
DA:44,1
DA:45,1
DA:46,3
DA:47,3
DA:48,3
DA:49,1
DA:50,1
DA:51,2
DA:52,2
DA:53,1
DA:54,1
DA:55,1
DA:56,1
DA:57,2
DA:58,1
DA:59,1
DA:60,3
DA:61,3
DA:62,3
DA:63,3
DA:64,1
DA:65,1
DA:66,2
DA:67,2
DA:68,2
DA:69,2
DA:70,2
DA:71,2
DA:72,1
DA:73,1
DA:74,7
DA:75,7
DA:76,7
DA:77,7
DA:78,2
DA:79,2
DA:80,7
DA:81,0
DA:82,0
DA:83,7
DA:84,1
DA:85,1
DA:86,5
DA:87,5
DA:88,5
DA:89,5
DA:90,5
DA:91,5
DA:92,5
DA:93,5
DA:94,5
DA:95,5
DA:96,5
DA:97,1
DA:98,1
DA:99,5
DA:100,1
DA:101,1
DA:102,1
LF:102
LH:96
BRDA:12,0,0,5
BRDA:13,1,0,3
BRDA:15,2,0,2
BRDA:19,3,0,1
BRDA:21,4,0,0
BRDA:37,5,0,2
BRDA:42,6,0,1
BRDA:45,7,0,3
BRDA:47,8,0,1
BRDA:50,9,0,2
BRDA:52,10,0,1
BRDA:59,11,0,3
BRDA:63,12,0,2
BRDA:63,13,0,1
BRDA:73,14,0,7
BRDA:77,15,0,2
BRDA:80,16,0,0
BRDA:85,17,0,5
BRDA:96,18,0,4
BRDA:96,19,0,0
BRDA:96,20,0,4
BRDA:96,21,0,0
BRDA:96,22,0,0
BRDA:96,23,0,1
BRF:24
BRH:19
end_of_record
TN:
SF:src\app\service\RentalService.js
FN:8,create
FN:17,FindCep
FN:29,isFilialDuplicate
FN:41,find
FN:53,findId
FN:59,put
FN:71,delete
FNF:7
FNH:7
FNDA:3,create
FNDA:3,FindCep
FNDA:5,isFilialDuplicate
FNDA:1,find
FNDA:3,findId
FNDA:2,put
FNDA:3,delete
DA:1,1
DA:2,1
DA:3,1
DA:4,1
DA:5,1
DA:6,1
DA:7,1
DA:8,1
DA:9,3
DA:10,3
DA:11,3
DA:12,2
DA:13,2
DA:14,2
DA:15,2
DA:16,1
DA:17,1
DA:18,3
DA:19,3
DA:20,3
DA:21,3
DA:22,3
DA:23,3
DA:24,3
DA:25,3
DA:26,3
DA:27,3
DA:28,1
DA:29,1
DA:30,5
DA:31,5
DA:32,6
DA:33,6
DA:34,6
DA:35,6
DA:36,5
DA:37,1
DA:38,1
DA:39,5
DA:40,1
DA:41,1
DA:42,1
DA:43,1
DA:44,1
DA:45,1
DA:46,1
DA:47,1
DA:48,1
DA:49,1
DA:50,1
DA:51,1
DA:52,1
DA:53,1
DA:54,3
DA:55,3
DA:56,1
DA:57,1
DA:58,1
DA:59,1
DA:60,2
DA:61,2
DA:62,2
DA:63,1
DA:64,1
DA:65,1
DA:66,1
DA:67,1
DA:68,2
DA:69,2
DA:70,1
DA:71,1
DA:72,3
DA:73,3
DA:74,3
DA:75,1
DA:76,1
DA:77,1
LF:77
LH:77
BRDA:8,0,0,3
BRDA:10,1,0,2
BRDA:11,2,0,0
BRDA:11,3,0,2
BRDA:17,4,0,3
BRDA:29,5,0,5
BRDA:31,6,0,6
BRDA:36,7,0,1
BRDA:41,8,0,1
BRDA:53,9,0,3
BRDA:55,10,0,2
BRDA:55,11,0,1
BRDA:59,12,0,2
BRDA:62,13,0,1
BRDA:63,14,0,0
BRDA:68,15,0,0
BRDA:71,16,0,3
BRDA:73,17,0,1
BRF:18
BRH:15
end_of_record
TN:
SF:src\app\validation\JoiError.js
FN:1,Object.<anonymous>.module.exports
FNF:1
FNH:1
FNDA:27,Object.<anonymous>.module.exports
DA:1,1
DA:2,27
DA:3,27
DA:4,29
DA:5,29
DA:6,29
DA:7,29
DA:8,29
DA:9,27
DA:10,27
LF:10
LH:10
BRDA:1,0,0,27
BRDA:3,1,0,29
BRF:2
BRH:2
end_of_record
TN:
SF:src\app\validation\Car\get.js
FN:7,Object.<anonymous>.module.exports
FNF:1
FNH:1
FNDA:3,Object.<anonymous>.module.exports
DA:1,1
DA:2,1
DA:3,1
DA:4,1
DA:5,1
DA:6,1
DA:7,1
DA:8,3
DA:9,3
DA:10,3
DA:11,3
DA:12,3
DA:13,3
DA:14,3
DA:15,3
DA:16,3
DA:17,3
DA:18,3
DA:19,1
DA:20,3
DA:21,2
DA:22,2
DA:23,2
DA:24,2
DA:25,2
DA:26,2
DA:27,2
DA:28,2
DA:29,3
LF:29
LH:29
BRDA:7,0,0,3
BRDA:18,1,0,2
BRDA:18,2,0,1
BRDA:20,3,0,2
BRF:4
BRH:4
end_of_record
TN:
SF:src\app\validation\Car\objectID.js
FN:5,Object.<anonymous>.module.exports
FNF:1
FNH:1
FNDA:31,Object.<anonymous>.module.exports
DA:1,1
DA:2,1
DA:3,1
DA:4,1
DA:5,1
DA:6,31
DA:7,31
DA:8,31
DA:9,31
DA:10,31
DA:11,31
DA:12,31
DA:13,22
DA:14,31
DA:15,9
DA:16,9
DA:17,31
LF:17
LH:17
BRDA:5,0,0,31
BRDA:12,1,0,9
BRDA:12,2,0,22
BRDA:14,3,0,9
BRF:4
BRH:4
end_of_record
TN:
SF:src\app\validation\Car\patch.js
FN:4,Object.<anonymous>.module.exports
FNF:1
FNH:1
FNDA:3,Object.<anonymous>.module.exports
DA:1,1
DA:2,1
DA:3,1
DA:4,1
DA:5,3
DA:6,3
DA:7,3
DA:8,3
DA:9,3
DA:10,3
DA:11,3
DA:12,2
DA:13,3
DA:14,1
DA:15,1
DA:16,3
LF:16
LH:16
BRDA:4,0,0,3
BRDA:11,1,0,1
BRDA:11,2,0,2
BRDA:13,3,0,1
BRF:4
BRH:4
end_of_record
TN:
SF:src\app\validation\Car\patchId.js
FN:5,Object.<anonymous>.module.exports
FNF:1
FNH:1
FNDA:4,Object.<anonymous>.module.exports
DA:1,1
DA:2,1
DA:3,1
DA:4,1
DA:5,1
DA:6,4
DA:7,4
DA:8,4
DA:9,4
DA:10,4
DA:11,4
DA:12,4
DA:13,4
DA:14,3
DA:15,4
DA:16,1
DA:17,1
DA:18,4
LF:18
LH:18
BRDA:5,0,0,4
BRDA:13,1,0,1
BRDA:13,2,0,3
BRDA:15,3,0,1
BRF:4
BRH:4
end_of_record
TN:
SF:src\app\validation\Car\post.js
FN:7,Object.<anonymous>.module.exports
FNF:1
FNH:1
FNDA:2,Object.<anonymous>.module.exports
DA:1,1
DA:2,1
DA:3,1
DA:4,1
DA:5,1
DA:6,1
DA:7,1
DA:8,2
DA:9,2
DA:10,2
DA:11,2
DA:12,2
DA:13,2
DA:14,2
DA:15,2
DA:16,2
DA:17,2
DA:18,2
DA:19,2
DA:20,2
DA:21,2
DA:22,2
DA:23,2
DA:24,2
DA:25,2
DA:26,1
DA:27,1
DA:28,1
DA:29,1
DA:30,2
LF:30
LH:30
BRDA:7,0,0,2
BRDA:25,1,0,1
BRF:2
BRH:2
end_of_record
TN:
SF:src\app\validation\Car\put.js
FN:7,Object.<anonymous>.module.exports
FNF:1
FNH:1
FNDA:4,Object.<anonymous>.module.exports
DA:1,1
DA:2,1
DA:3,1
DA:4,1
DA:5,1
DA:6,1
DA:7,1
DA:8,4
DA:9,4
DA:10,4
DA:11,4
DA:12,4
DA:13,4
DA:14,4
DA:15,4
DA:16,4
DA:17,4
DA:18,4
DA:19,4
DA:20,4
DA:21,4
DA:22,4
DA:23,4
DA:24,4
DA:25,4
DA:26,2
DA:27,2
DA:28,2
DA:29,2
DA:30,4
LF:30
LH:30
BRDA:7,0,0,4
BRDA:25,1,0,2
BRF:2
BRH:2
end_of_record
TN:
SF:src\app\validation\People\get.js
FN:7,Object.<anonymous>.module.exports
FNF:1
FNH:1
FNDA:4,Object.<anonymous>.module.exports
DA:1,1
DA:2,1
DA:3,1
DA:4,1
DA:5,1
DA:6,1
DA:7,1
DA:8,4
DA:9,4
DA:10,4
DA:11,4
DA:12,4
DA:13,4
DA:14,4
DA:15,4
DA:16,4
DA:17,4
DA:18,4
DA:19,1
DA:20,4
DA:21,3
DA:22,3
DA:23,4
LF:23
LH:23
BRDA:7,0,0,4
BRDA:18,1,0,3
BRDA:18,2,0,1
BRDA:20,3,0,3
BRF:4
BRH:4
end_of_record
TN:
SF:src\app\validation\People\login.js
FN:4,Object.<anonymous>.module.exports
FNF:1
FNH:1
FNDA:4,Object.<anonymous>.module.exports
DA:1,1
DA:2,1
DA:3,1
DA:4,1
DA:5,4
DA:6,4
DA:7,4
DA:8,4
DA:9,4
DA:10,4
DA:11,4
DA:12,4
DA:13,2
DA:14,2
DA:15,2
DA:16,2
DA:17,4
LF:17
LH:17
BRDA:4,0,0,4
BRDA:12,1,0,2
BRF:2
BRH:2
end_of_record
TN:
SF:src\app\validation\People\post.js
FN:7,Object.<anonymous>.module.exports
FNF:1
FNH:1
FNDA:5,Object.<anonymous>.module.exports
DA:1,1
DA:2,1
DA:3,1
DA:4,1
DA:5,1
DA:6,1
DA:7,1
DA:8,5
DA:9,5
DA:10,5
DA:11,5
DA:12,5
DA:13,5
DA:14,5
DA:15,5
DA:16,5
DA:17,5
DA:18,5
DA:19,5
DA:20,4
DA:21,5
DA:22,1
DA:23,1
DA:24,5
LF:24
LH:24
BRDA:7,0,0,5
BRDA:19,1,0,1
BRDA:19,2,0,4
BRDA:21,3,0,1
BRF:4
BRH:4
end_of_record
TN:
SF:src\app\validation\People\put.js
FN:7,Object.<anonymous>.module.exports
FNF:1
FNH:1
FNDA:3,Object.<anonymous>.module.exports
DA:1,1
DA:2,1
DA:3,1
DA:4,1
DA:5,1
DA:6,1
DA:7,1
DA:8,3
DA:9,3
DA:10,3
DA:11,3
DA:12,3
DA:13,3
DA:14,3
DA:15,3
DA:16,3
DA:17,3
DA:18,3
DA:19,3
DA:20,2
DA:21,3
DA:22,1
DA:23,1
DA:24,3
LF:24
LH:24
BRDA:7,0,0,3
BRDA:19,1,0,1
BRDA:19,2,0,2
BRDA:21,3,0,1
BRF:4
BRH:4
end_of_record
TN:
SF:src\app\validation\Rental\get.js
FN:4,Object.<anonymous>.module.exports
FNF:1
FNH:1
FNDA:3,Object.<anonymous>.module.exports
DA:1,1
DA:2,1
DA:3,1
DA:4,1
DA:5,3
DA:6,3
DA:7,3
DA:8,3
DA:9,3
DA:10,3
DA:11,3
DA:12,3
DA:13,3
DA:14,3
DA:15,3
DA:16,3
DA:17,3
DA:18,1
DA:19,3
DA:20,2
DA:21,2
DA:22,3
LF:22
LH:22
BRDA:4,0,0,3
BRDA:17,1,0,2
BRDA:17,2,0,1
BRDA:19,3,0,2
BRF:4
BRH:4
end_of_record
TN:
SF:src\app\validation\Rental\post.js
FN:4,Object.<anonymous>.module.exports
FNF:1
FNH:1
FNDA:6,Object.<anonymous>.module.exports
DA:1,1
DA:2,1
DA:3,1
DA:4,1
DA:5,6
DA:6,6
DA:7,6
DA:8,6
DA:9,6
DA:10,6
DA:11,6
DA:12,6
DA:13,6
DA:14,6
DA:15,6
DA:16,6
DA:17,6
DA:18,6
DA:19,6
DA:20,6
DA:21,6
DA:22,6
DA:23,6
DA:24,4
DA:25,6
DA:26,2
DA:27,2
DA:28,6
LF:28
LH:28
BRDA:4,0,0,6
BRDA:23,1,0,2
BRDA:23,2,0,4
BRDA:25,3,0,2
BRF:4
BRH:4
end_of_record
TN:
SF:src\infra\database\mongo\index.js
FN:5,Database
FN:9,connect
FNF:2
FNH:2
FNDA:3,Database
FNDA:6,connect
DA:1,1
DA:2,1
DA:3,1
DA:4,1
DA:5,1
DA:6,3
DA:7,3
DA:8,1
DA:9,1
DA:10,6
DA:11,6
DA:12,6
DA:13,6
DA:14,6
DA:15,1
DA:16,1
DA:17,1
LF:17
LH:17
BRDA:5,0,0,3
BRDA:9,1,0,6
BRF:2
BRH:2
end_of_record
TN:
SF:src\routes\car.router.js
FN:11,Object.<anonymous>.module.exports
FNF:1
FNH:1
FNDA:60,Object.<anonymous>.module.exports
DA:1,1
DA:2,1
DA:3,1
DA:4,1
DA:5,1
DA:6,1
DA:7,1
DA:8,1
DA:9,1
DA:10,1
DA:11,1
DA:12,60
DA:13,60
DA:14,60
DA:15,60
DA:16,60
DA:17,60
DA:18,60
DA:19,60
DA:20,60
DA:21,60
DA:22,60
DA:23,60
DA:24,60
DA:25,60
LF:25
LH:25
BRDA:11,0,0,60
BRF:1
BRH:1
end_of_record
TN:
SF:src\routes\index.js
FN:9,Object.<anonymous>.module.exports
FNF:1
FNH:1
FNDA:3,Object.<anonymous>.module.exports
DA:1,1
DA:2,1
DA:3,1
DA:4,1
DA:5,1
DA:6,1
DA:7,1
DA:8,1
DA:9,1
DA:10,3
DA:11,60
DA:12,60
DA:13,60
DA:14,60
DA:15,60
DA:16,60
DA:17,60
DA:18,60
DA:19,3
LF:19
LH:19
BRDA:9,0,0,3
BRDA:10,1,0,60
BRF:2
BRH:2
end_of_record
TN:
SF:src\routes\login.router.js
FN:4,Object.<anonymous>.module.exports
FNF:1
FNH:1
FNDA:60,Object.<anonymous>.module.exports
DA:1,1
DA:2,1
DA:3,1
DA:4,1
DA:5,60
DA:6,60
DA:7,60
LF:7
LH:7
BRDA:4,0,0,60
BRF:1
BRH:1
end_of_record
TN:
SF:src\routes\peaple.router.js
FN:7,Object.<anonymous>.module.exports
FNF:1
FNH:1
FNDA:60,Object.<anonymous>.module.exports
DA:1,1
DA:2,1
DA:3,1
DA:4,1
DA:5,1
DA:6,1
DA:7,1
DA:8,60
DA:9,60
DA:10,60
DA:11,60
DA:12,60
DA:13,60
DA:14,60
LF:14
LH:14
BRDA:7,0,0,60
BRF:1
BRH:1
end_of_record
TN:
SF:src\routes\rental.router.js
FN:6,Object.<anonymous>.module.exports
FNF:1
FNH:1
FNDA:60,Object.<anonymous>.module.exports
DA:1,1
DA:2,1
DA:3,1
DA:4,1
DA:5,1
DA:6,1
DA:7,60
DA:8,60
DA:9,60
DA:10,60
DA:11,60
DA:12,60
DA:13,60
LF:13
LH:13
BRDA:6,0,0,60
BRF:1
BRH:1
end_of_record
TN:
SF:src\routes\reserve.router.js
FN:3,Object.<anonymous>.module.exports
FNF:1
FNH:1
FNDA:60,Object.<anonymous>.module.exports
DA:1,1
DA:2,1
DA:3,1
DA:4,60
DA:5,60
DA:6,60
LF:6
LH:6
BRDA:3,0,0,60
BRF:1
BRH:1
end_of_record
TN:
SF:src\routes\swagger.router.js
FNF:0
FNH:0
DA:1,1
DA:2,1
DA:3,1
DA:4,1
DA:5,1
DA:6,1
DA:7,1
LF:7
LH:7
BRF:0
BRH:0
end_of_record
